c:\dev\opengl practice\opengl practice\debug\vc142.pdb
c:\dev\opengl practice\opengl practice\debug\vc142.idb
c:\dev\opengl practice\opengl practice\debug\stb_image_impl.obj
c:\dev\opengl practice\opengl practice\debug\main.obj
c:\dev\opengl practice\opengl practice\debug\imsequencer.obj
c:\dev\opengl practice\opengl practice\debug\imgui_widgets.obj
c:\dev\opengl practice\opengl practice\debug\imgui_stdlib.obj
c:\dev\opengl practice\opengl practice\debug\imgui_impl_opengl3.obj
c:\dev\opengl practice\opengl practice\debug\imgui_impl_glfw.obj
c:\dev\opengl practice\opengl practice\debug\imgui_draw.obj
c:\dev\opengl practice\opengl practice\debug\imgui_demo.obj
c:\dev\opengl practice\opengl practice\debug\imguizmo.obj
c:\dev\opengl practice\opengl practice\debug\imgui.obj
c:\dev\opengl practice\opengl practice\debug\imgradient.obj
c:\dev\opengl practice\opengl practice\debug\imcurveedit.obj
c:\dev\opengl practice\debug\opengl practice.exe
c:\dev\opengl practice\debug\opengl practice.ilk
c:\dev\opengl practice\debug\opengl practice.pdb
c:\dev\opengl practice\opengl practice\debug\main.obj.enc
c:\dev\opengl practice\opengl practice\debug\opengl practice.tlog\cl.command.1.tlog
c:\dev\opengl practice\opengl practice\debug\opengl practice.tlog\cl.read.1.tlog
c:\dev\opengl practice\opengl practice\debug\opengl practice.tlog\cl.write.1.tlog
c:\dev\opengl practice\opengl practice\debug\opengl practice.tlog\link.command.1.tlog
c:\dev\opengl practice\opengl practice\debug\opengl practice.tlog\link.read.1.tlog
c:\dev\opengl practice\opengl practice\debug\opengl practice.tlog\link.write.1.tlog
